<?xml version="1.0" encoding="UTF-8"?>
<!-- Generated by org.testng.reporters.JUnitReportReporter -->
<testsuite hostname="User-PC" failures="0" tests="1" name="AdminModuleTestCase.LoginPage_Tests" time="135.771" errors="0" timestamp="2023-02-19T13:16:19 IST" skipped="0">
  <testcase classname="AdminModuleTestCase.LoginPage_Tests" name="loginPage" time="135.771"/>
  <system-out/>
</testsuite> <!-- AdminModuleTestCase.LoginPage_Tests -->
