<?xml version="1.0" encoding="UTF-8"?>
<!-- Generated by org.testng.reporters.JUnitReportReporter -->
<testsuite hostname="Padmini" failures="0" tests="1" name="AdminModuleTestCase.InstituteOnBoardingRegistrationPage_Test" time="16.685" errors="0" timestamp="2023-03-21T21:32:53 IST" skipped="0">
  <testcase classname="AdminModuleTestCase.InstituteOnBoardingRegistrationPage_Test" name="instituteonBoardRegistration" time="16.685"/>
  <system-out/>
</testsuite> <!-- AdminModuleTestCase.InstituteOnBoardingRegistrationPage_Test -->
