<?xml version="1.0" encoding="UTF-8"?>
<!-- Generated by org.testng.reporters.JUnitReportReporter -->
<testsuite hostname="Padmini" failures="0" tests="1" name="AdminModuleTestCase.AllCredLoginPage_Test" time="26.051" errors="0" timestamp="2023-03-27T16:07:33 IST" skipped="0">
  <testcase classname="AdminModuleTestCase.AllCredLoginPage_Test" name="loginInstituteAfterOnboardRegistration" time="26.051"/>
  <system-out/>
</testsuite> <!-- AdminModuleTestCase.AllCredLoginPage_Test -->
