<?xml version="1.0" encoding="UTF-8"?>
<!-- Generated by org.testng.reporters.JUnitReportReporter -->
<testsuite hostname="Padmini" failures="0" tests="1" name="AdminModuleTestCase.InstituteOnBoardingRegistrationPage_Test" time="19.091" errors="0" timestamp="2023-03-23T15:37:04 IST" skipped="0">
  <testcase classname="AdminModuleTestCase.InstituteOnBoardingRegistrationPage_Test" name="instituteonBoardRegistration" time="19.091"/>
  <system-out/>
</testsuite> <!-- AdminModuleTestCase.InstituteOnBoardingRegistrationPage_Test -->
