<?xml version="1.0" encoding="UTF-8"?>
<!-- Generated by org.testng.reporters.JUnitReportReporter -->
<testsuite hostname="Padmini" failures="0" tests="1" name="AdminModuleTestCase.InstituteOnBoardingRegistrationPage_Test" time="25.434" errors="0" timestamp="2023-03-27T16:07:33 IST" skipped="0">
  <testcase classname="AdminModuleTestCase.InstituteOnBoardingRegistrationPage_Test" name="instituteonBoardRegistration" time="25.434"/>
  <system-out/>
</testsuite> <!-- AdminModuleTestCase.InstituteOnBoardingRegistrationPage_Test -->
