<?xml version="1.0" encoding="UTF-8"?>
<!-- Generated by org.testng.reporters.JUnitReportReporter -->
<testsuite hostname="Padmini" failures="0" tests="1" name="AdminModuleTestCase.InstituteOnBoardingRegistrationPage_Test" time="18.150" errors="0" timestamp="2023-03-23T20:20:06 IST" skipped="0">
  <testcase classname="AdminModuleTestCase.InstituteOnBoardingRegistrationPage_Test" name="instituteonBoardRegistration" time="18.150"/>
  <system-out/>
</testsuite> <!-- AdminModuleTestCase.InstituteOnBoardingRegistrationPage_Test -->
